<?xml version="1.0" encoding="UTF-8"?>
<testsuite xmlns:xsi="http://www.w3.org/2001/XMLSchema-instance" xsi:noNamespaceSchemaLocation="https://maven.apache.org/surefire/maven-surefire-plugin/xsd/surefire-test-report.xsd" name="com.example.MyUnsortedListTest" time="0.202" tests="57" errors="0" skipped="0" failures="0">
  <properties>
[...]
</properties>
  <testcase name="testPopSingleElement" classname="com.example.MyUnsortedListTest" time="0.104"/>
  <testcase name="testPopLastSingleElement" classname="com.example.MyUnsortedListTest" time="0.001"/>
  <testcase name="testOfWithIterable" classname="com.example.MyUnsortedListTest" time="0.001"/>
  <testcase name="testRemoveAllReverse" classname="com.example.MyUnsortedListTest" time="0.001"/>
  <testcase name="testRemoveAllAndAppendAndRemove" classname="com.example.MyUnsortedListTest" time="0"/>
  <testcase name="testPopLastEmptyList" classname="com.example.MyUnsortedListTest" time="0.011"/>
  <testcase name="testEqualsSingleElementLists" classname="com.example.MyUnsortedListTest" time="0.005"/>
  <testcase name="testRemoveAllAndAppendAndRemoveAll" classname="com.example.MyUnsortedListTest" time="0.001"/>
  <testcase name="testSizeAfterPrepend" classname="com.example.MyUnsortedListTest" time="0.001"/>
  <testcase name="testInsertIndexEqualToSize" classname="com.example.MyUnsortedListTest" time="0.001"/>
  <testcase name="testSize" classname="com.example.MyUnsortedListTest" time="0.001"/>
  <testcase name="testInsertMixedAdd" classname="com.example.MyUnsortedListTest" time="0"/>
  <testcase name="testEqualsMultipleElementsLists" classname="com.example.MyUnsortedListTest" time="0"/>
  <testcase name="testEqualsDifferentSize" classname="com.example.MyUnsortedListTest" time="0"/>
  <testcase name="testOf" classname="com.example.MyUnsortedListTest" time="0.001"/>
  <testcase name="testRemoveFirstElement" classname="com.example.MyUnsortedListTest" time="0"/>
  <testcase name="testMultipleAppend" classname="com.example.MyUnsortedListTest" time="0"/>
  <testcase name="testPrepend" classname="com.example.MyUnsortedListTest" time="0"/>
  <testcase name="testEqualsDifferentLists" classname="com.example.MyUnsortedListTest" time="0"/>
  <testcase name="testEqualsDifferentType2" classname="com.example.MyUnsortedListTest" time="0.001"/>
  <testcase name="testEqualsNull" classname="com.example.MyUnsortedListTest" time="0.001"/>
  <testcase name="testMultipleRemove" classname="com.example.MyUnsortedListTest" time="0.001"/>
  <testcase name="testRemoveIndexEqualToSize" classname="com.example.MyUnsortedListTest" time="0.001"/>
  <testcase name="testSizeAfterMixedAddAndRemove" classname="com.example.MyUnsortedListTest" time="0"/>
  <testcase name="testPopLastMultipleElements" classname="com.example.MyUnsortedListTest" time="0"/>
  <testcase name="testRemoveLastElement" classname="com.example.MyUnsortedListTest" time="0"/>
  <testcase name="testIsNotEmpty" classname="com.example.MyUnsortedListTest" time="0"/>
  <testcase name="testInsertMultipleElements" classname="com.example.MyUnsortedListTest" time="0"/>
  <testcase name="testEqualsMultipleElementsListsDifferentOrder" classname="com.example.MyUnsortedListTest" time="0.001"/>
  <testcase name="testInsertNegativeIndex" classname="com.example.MyUnsortedListTest" time="0"/>
  <testcase name="testToStringEmptyList" classname="com.example.MyUnsortedListTest" time="0"/>
  <testcase name="testEqualsDifferentTypeEmpty" classname="com.example.MyUnsortedListTest" time="0.001"/>
  <testcase name="testOfWithoutElements" classname="com.example.MyUnsortedListTest" time="0"/>
  <testcase name="testRemoveEmptyList" classname="com.example.MyUnsortedListTest" time="0.001"/>
  <testcase name="testToStringMultipleElementsList" classname="com.example.MyUnsortedListTest" time="0.001"/>
  <testcase name="testEqualsSameList" classname="com.example.MyUnsortedListTest" time="0"/>
  <testcase name="testPopEmptyList" classname="com.example.MyUnsortedListTest" time="0.001"/>
  <testcase name="testInsertEmptyList" classname="com.example.MyUnsortedListTest" time="0"/>
  <testcase name="testPopMultipleElements" classname="com.example.MyUnsortedListTest" time="0.001"/>
  <testcase name="testOfWithEmptyIterable" classname="com.example.MyUnsortedListTest" time="0.001"/>
  <testcase name="testAppend" classname="com.example.MyUnsortedListTest" time="0"/>
  <testcase name="testInsertSingleElement" classname="com.example.MyUnsortedListTest" time="0"/>
  <testcase name="testRemoveInvalidIndex" classname="com.example.MyUnsortedListTest" time="0.001"/>
  <testcase name="testAddElementAtPosition" classname="com.example.MyUnsortedListTest" time="0.001"/>
  <testcase name="testAddElementAtPosition2" classname="com.example.MyUnsortedListTest" time="0"/>
  <testcase name="testMultiplePrepend" classname="com.example.MyUnsortedListTest" time="0"/>
  <testcase name="testEqualsEmptyLists" classname="com.example.MyUnsortedListTest" time="0"/>
  <testcase name="testSizeAfterMixedAddAndRemoveAll" classname="com.example.MyUnsortedListTest" time="0"/>
  <testcase name="testIsEmpty" classname="com.example.MyUnsortedListTest" time="0.001"/>
  <testcase name="testSizeAfterMixedAddAndRemoveAllAndAdd" classname="com.example.MyUnsortedListTest" time="0"/>
  <testcase name="testRemove" classname="com.example.MyUnsortedListTest" time="0"/>
  <testcase name="testToStringSingleElementList" classname="com.example.MyUnsortedListTest" time="0.001"/>
  <testcase name="testRemoveAllAndAppend" classname="com.example.MyUnsortedListTest" time="0"/>
  <testcase name="testSizeAfterMixedAdd" classname="com.example.MyUnsortedListTest" time="0"/>
  <testcase name="testRemoveAll" classname="com.example.MyUnsortedListTest" time="0"/>
  <testcase name="testRemoveNegativeIndex" classname="com.example.MyUnsortedListTest" time="0"/>
  <testcase name="testInsertInvalidIndex" classname="com.example.MyUnsortedListTest" time="0"/>
</testsuite>